
ROM used:   704/8192 (9%)
            704/8192 (9%) including unused fragments

            0.9 Average locations per line
            33.5 Average locations per statement

RAM used:   21/368 (6%) at main() level
            41/368 (11%) worst case

Stack used: 1 worst case (0 in main + 1 for interrupts)
Stack size: 8

Lines Stmts  %   Files
----- ----- ---  -----
   58    21 100  Controle_Velocidade.c
  685     0   0  ..\..\..\..\..\..\..\..\Program Files (x86)\PICC\Devices\16F877A.h
----- -----
  743    21 Total

Page ROM  %  RAM    Vol Diff  Functions:
---- --- --- ---    --- ----  ----------
0     35   5    1    163  3.9  RTCC_isr
0    561  80    4     68  2.1  TIMER1_isr
 Inline         2             @ITOF
 Inline        13             @MULFF
 Inline        16             @ADDFF
 Inline         4             @SFTOI
0     52   7    0    190  2.3  MAIN
 Inline         0             @cinit1

Program metrics:
    Functions               3
    Statements              21
    Comments                128
    Volume (V)              572
    Difficulty (D)          7.6
    Effort to implement (E) 4374
    Time to implement (T)   4 minutes
    Est Delivered Bugs (B)  0
    Cyclomatic Complexity   2
    Maintainability (MI)    80

 Segment     Used  Free
-----------  ----  ----
00000-00003     4  0  
00004-00037    52  0  
00038-007FF   648  1344  
00800-00FFF     0  2048  
01000-017FF     0  2048  
01800-01FFF     0  2048  



