
ROM used:   690/8192 (8%)
            690/8192 (8%) including unused fragments

            0.9 Average locations per line
            38.3 Average locations per statement

RAM used:   22/368 (6%) at main() level
            42/368 (11%) worst case

Stack used: 1 worst case (0 in main + 1 for interrupts)
Stack size: 8

Lines Stmts  %   Files
----- ----- ---  -----
   63    18 100  Motor_Velocidade_Timer.c
  685     0   0  ..\..\..\..\..\..\..\..\Program Files (x86)\PICC\Devices\16F877A.h
----- -----
  748    18 Total

Page ROM  %  RAM    Vol Diff  Functions:
---- --- --- ---    --- ----  ----------
0      4   1    0      5  1.0  RTCC_isr
0    562  81    4     68  2.1  TIMER1_isr
 Inline         2    141  2.2  @ITOF
 Inline        13    581  2.9  @MULFF
 Inline        16     90  2.1  @ADDFF
 Inline         4    141  2.2  @SFTOI
0     68  10    1    341  5.1  MAIN
 Inline         0             @cinit1

Program metrics:
    Functions               7
    Statements              18
    Comments                142
    Volume (V)              2012
    Difficulty (D)          17.9
    Effort to implement (E) 36064
    Time to implement (T)   33 minutes
    Est Delivered Bugs (B)  0
    Cyclomatic Complexity   2
    Maintainability (MI)    158

 Segment     Used  Free
-----------  ----  ----
00000-00003     4  0  
00004-00037    52  0  
00038-007FF   634  1358  
00800-00FFF     0  2048  
01000-017FF     0  2048  
01800-01FFF     0  2048  



