
ROM used:   346/8192 (4%)
            346/8192 (4%) including unused fragments

            0.5 Average locations per line
            15.0 Average locations per statement

RAM used:   29/368 (8%) at main() level
            51/368 (14%) worst case

Stack used: 1 worst case (0 in main + 1 for interrupts)
Stack size: 8

Lines Stmts  %   Files
----- ----- ---  -----
   57    23 100  Motor_Velocidade_Timer.c
  685     0   0  ..\..\..\..\..\..\..\..\Program Files (x86)\PICC\Devices\16F877A.h
----- -----
  742    23 Total

Page ROM  %  RAM    Vol Diff  Functions:
---- --- --- ---    --- ----  ----------
0     22   6    1             @delay_ms1
 Inline        14    158  5.5  map
 Inline         5             @MUL1616
 Inline         5             @DIV1616
0     49  14    1    174  4.4  RTCC_isr
0    167  48    2    100  2.1  TIMER1_isr
0     52  15    0    209  2.3  MAIN
 Inline         0             @cinit1

Program metrics:
    Functions               4
    Statements              23
    Comments                127
    Volume (V)              926
    Difficulty (D)          13.0
    Effort to implement (E) 12066
    Time to implement (T)   11 minutes
    Est Delivered Bugs (B)  0
    Cyclomatic Complexity   2
    Maintainability (MI)    146

 Segment     Used  Free
-----------  ----  ----
00000-00003     4  0  
00004-00037    52  0  
00038-007FF   290  1702  
00800-00FFF     0  2048  
01000-017FF     0  2048  
01800-01FFF     0  2048  



