
ROM used:   222/8192 (3%)
            222/8192 (3%) including unused fragments

            0.3 Average locations per line
            4.4 Average locations per statement

RAM used:   11/368 (3%) at main() level
            14/368 (4%) worst case

Stack used: 1 worst case (1 in main + 0 for interrupts)
Stack size: 8

Lines Stmts  %   Files
----- ----- ---  -----
   66    50 100  Potenciometro2Displays7.c
  685     0   0  ..\..\..\..\..\..\..\..\Program Files (x86)\PICC\Devices\16F877A.h
----- -----
  751    50 Total

Page ROM  %  RAM    Vol Diff  Functions:
---- --- --- ---    --- ----  ----------
0     20   9    1             @delay_ms1
0     93  42    1    604  3.8  numeros
0     84  38    5    480  4.5  MAIN
0     21   9    3             @DIV88
 Inline         0             @cinit1

Program metrics:
    Functions               2
    Statements              50
    Comments                123
    Volume (V)              1294
    Difficulty (D)          8.0
    Effort to implement (E) 10296
    Time to implement (T)   10 minutes
    Est Delivered Bugs (B)  0
    Cyclomatic Complexity   11
    Maintainability (MI)    64

 Segment     Used  Free
-----------  ----  ----
00000-00003     4  0  
00004-007FF   218  1826  
00800-00FFF     0  2048  
01000-017FF     0  2048  
01800-01FFF     0  2048  



