
ROM used:   87/8192 (1%)
            87/8192 (1%) including unused fragments

            0.1 Average locations per line
            14.5 Average locations per statement

RAM used:   12/368 (3%) at main() level
            12/368 (3%) worst case

Stack used: 1 worst case (0 in main + 1 for interrupts)
Stack size: 8

Lines Stmts  %   Files
----- ----- ---  -----
   36     6 100  Pic_Keyboard_Zoom.c
  685     0   0  ..\..\..\..\..\..\..\..\Program Files (x86)\PICC\Devices\16F877A.h
----- -----
  721     6 Total

Page ROM  %  RAM    Vol Diff  Functions:
---- --- --- ---    --- ----  ----------
0      4   5    0      5  1.0  RB_isr
0     36  41    0     86  1.6  MAIN
 Inline         0             @cinit1

Program metrics:
    Functions               2
    Statements              6
    Comments                125
    Volume (V)              106
    Difficulty (D)          2.3
    Effort to implement (E) 245
    Time to implement (T)   0 minutes
    Est Delivered Bugs (B)  0
    Cyclomatic Complexity   1
    Maintainability (MI)    117

 Segment     Used  Free
-----------  ----  ----
00000-00003     4  0  
00004-0002E    43  0  
0002F-007FF    40  1961  
00800-00FFF     0  2048  
01000-017FF     0  2048  
01800-01FFF     0  2048  



