CCS PCM C Compiler, Version 5.081, 13314               02-abr-19 08:58

               Filename:   C:\Users\pedro\OneDrive\Faculdade\Faculdade\2019.1\Microcontroladores\keyboard_grafico\Pic_Keyboard_Zoom.lst

               ROM used:   87 words (1%)
                           Largest free fragment is 2048
               RAM used:   12 (3%) at main() level
                           12 (3%) worst case
               Stack used: 1 locations (0 in main + 1 for interrupts)
               Stack size: 8

*
0000:  MOVLW  00
0001:  MOVWF  0A
0002:  GOTO   033
0003:  NOP
0004:  MOVWF  7F
0005:  SWAPF  03,W
0006:  CLRF   03
0007:  MOVWF  21
0008:  MOVF   0A,W
0009:  MOVWF  20
000A:  CLRF   0A
000B:  MOVF   04,W
000C:  MOVWF  22
000D:  MOVF   77,W
000E:  MOVWF  23
000F:  MOVF   78,W
0010:  MOVWF  24
0011:  MOVF   79,W
0012:  MOVWF  25
0013:  MOVF   7A,W
0014:  MOVWF  26
0015:  BCF    03.7
0016:  BCF    03.5
0017:  BTFSS  0B.3
0018:  GOTO   01B
0019:  BTFSC  0B.0
001A:  GOTO   02C
001B:  MOVF   22,W
001C:  MOVWF  04
001D:  MOVF   23,W
001E:  MOVWF  77
001F:  MOVF   24,W
0020:  MOVWF  78
0021:  MOVF   25,W
0022:  MOVWF  79
0023:  MOVF   26,W
0024:  MOVWF  7A
0025:  MOVF   20,W
0026:  MOVWF  0A
0027:  SWAPF  21,W
0028:  MOVWF  03
0029:  SWAPF  7F,F
002A:  SWAPF  7F,W
002B:  RETFIE
002C:  BCF    0A.3
002D:  BCF    0A.4
002E:  GOTO   02F
.................... //#include <Pic_Keyboard_Zoom.h> 
....................  
.................... #include <16F877A.h> 
.................... //////////// Standard Header file for the PIC16F877A device //////////////// 
.................... /////////////////////////////////////////////////////////////////////////// 
.................... ////        (C) Copyright 1996, 2014 Custom Computer Services          //// 
.................... //// This source code may only be used by licensed users of the CCS C  //// 
.................... //// compiler.  This source code may only be distributed to other      //// 
.................... //// licensed users of the CCS C compiler.  No other use, reproduction //// 
.................... //// or distribution is permitted without written permission.          //// 
.................... //// Derivative programs created using this software in object code    //// 
.................... //// form are not restricted in any way.                               //// 
.................... /////////////////////////////////////////////////////////////////////////// 
.................... #device PIC16F877A 
....................  
.................... #list 
....................  
.................... #device ADC=10 
....................  
.................... #FUSES NOBROWNOUT               //No brownout reset 
.................... #FUSES NOLVP                    //No low voltage prgming, B3(PIC16) or B5(PIC18) used for I/O 
....................  
.................... #use delay(crystal=20000000) 
.................... #use rs232(baud=9600,parity=N,xmit=PIN_C6,rcv=PIN_C7,bits=8,stream=PORT1) 
....................  
....................  
....................  
.................... #INT_RB 
.................... void  RB_isr(void)  
.................... { 
....................  
002F:  BCF    0B.0
0030:  BCF    0A.3
0031:  BCF    0A.4
0032:  GOTO   01B
.................... } 
....................  
.................... void main() 
0033:  MOVF   03,W
0034:  ANDLW  1F
0035:  MOVWF  03
0036:  MOVLW  81
0037:  BSF    03.5
0038:  MOVWF  19
0039:  MOVLW  A6
003A:  MOVWF  18
003B:  MOVLW  90
003C:  BCF    03.5
003D:  MOVWF  18
003E:  BSF    03.5
003F:  BSF    1F.0
0040:  BSF    1F.1
0041:  BSF    1F.2
0042:  BCF    1F.3
0043:  MOVLW  07
0044:  MOVWF  1C
0045:  BCF    03.7
.................... { 
....................    setup_adc_ports(AN0); 
0046:  BCF    1F.0
0047:  BSF    1F.1
0048:  BSF    1F.2
0049:  BSF    1F.3
....................    setup_adc(ADC_CLOCK_INTERNAL); 
004A:  BCF    1F.6
004B:  BCF    03.5
004C:  BSF    1F.6
004D:  BSF    1F.7
004E:  BSF    03.5
004F:  BSF    1F.7
0050:  BCF    03.5
0051:  BSF    1F.0
....................  
....................    enable_interrupts(INT_RB); 
0052:  BSF    0B.3
....................    enable_interrupts(GLOBAL); 
0053:  MOVLW  C0
0054:  IORWF  0B,F
....................  
....................    while(TRUE) 
....................    { 
0055:  GOTO   055
....................  
....................  
....................       //TODO: User Code 
....................    } 
....................  
.................... } 
0056:  SLEEP

Configuration Fuses:
   Word  1: 3F32   HS NOWDT PUT NOBROWNOUT NOLVP NOCPD NOWRT NODEBUG NOPROTECT
