
ROM used:   137/8192 (2%)
            137/8192 (2%) including unused fragments

            0.2 Average locations per line
            5.7 Average locations per statement

RAM used:   7/368 (2%) at main() level
            8/368 (2%) worst case

Stack used: 0 worst case (0 in main + 0 for interrupts)
Stack size: 8

Lines Stmts  %   Files
----- ----- ---  -----
   54    24 100  Semaforo.c
  685     0   0  ..\..\..\..\..\..\..\Program Files (x86)\PICC\Devices\16F877A.h
----- -----
  739    24 Total

Page ROM  %  RAM    Vol Diff  Functions:
---- --- --- ---    --- ----  ----------
0     20  15    1             @delay_ms1
0    113  82    2    583  4.3  main
 Inline         0             @cinit1

Program metrics:
    Functions               1
    Statements              24
    Comments                130
    Volume (V)              588
    Difficulty (D)          4.1
    Effort to implement (E) 2435
    Time to implement (T)   2 minutes
    Est Delivered Bugs (B)  0
    Cyclomatic Complexity   2
    Maintainability (MI)    40

 Segment     Used  Free
-----------  ----  ----
00000-00003     4  0  
00004-007FF   133  1911  
00800-00FFF     0  2048  
01000-017FF     0  2048  
01800-01FFF     0  2048  



