
ROM used:   79/8192 (1%)
            79/8192 (1%) including unused fragments

            0.1 Average locations per line
            6.1 Average locations per statement

RAM used:   7/368 (2%) at main() level
            8/368 (2%) worst case

Stack used: 0 worst case (0 in main + 0 for interrupts)
Stack size: 8

Lines Stmts  %   Files
----- ----- ---  -----
   35    13 100  led_tx_rx.c
  685     0   0  ..\..\..\..\..\..\..\..\Program Files (x86)\PICC\Devices\16F877A.h
----- -----
  720    13 Total

Page ROM  %  RAM    Vol Diff  Functions:
---- --- --- ---    --- ----  ----------
0     20  25    1             @delay_ms1
0     55  70    2    226  3.0  main
 Inline         0             @cinit1

Program metrics:
    Functions               1
    Statements              13
    Comments                122
    Volume (V)              231
    Difficulty (D)          2.7
    Effort to implement (E) 632
    Time to implement (T)   1 minutes
    Est Delivered Bugs (B)  0
    Cyclomatic Complexity   3
    Maintainability (MI)    51

 Segment     Used  Free
-----------  ----  ----
00000-00003     4  0  
00004-007FF    75  1969  
00800-00FFF     0  2048  
01000-017FF     0  2048  
01800-01FFF     0  2048  



