
ROM used:   1122/8192 (14%)
            1122/8192 (14%) including unused fragments

            0.9 Average locations per line
            7.1 Average locations per statement

RAM used:   15/368 (4%) at main() level
            39/368 (11%) worst case

Stack used: 4 worst case (4 in main + 0 for interrupts)
Stack size: 8

Lines Stmts  %   Files
----- ----- ---  -----
   68    57  36  LEDs_LDR.c
  685     0   0  ..\..\..\..\..\..\..\..\Program Files (x86)\PICC\Devices\16F877A.h
  456   100  64  ..\..\..\..\..\..\..\..\Program Files (x86)\PICC\Drivers\lcd.c
----- -----
 1209   157 Total

Page ROM  %  RAM    Vol Diff  Functions:
---- --- --- ---    --- ----  ----------
0     20   2    1             @delay_ms1
 Inline         3    760  4.5  lcd_read_byte
0     49   4    2    262  3.7  lcd_read_nibble
0     46   4    1    399  2.4  lcd_send_nibble
0     94   8    3    415  3.7  lcd_send_byte
0     70   6    6    852  6.2  lcd_init
0     18   2    4    208  6.3  lcd_gotoxy
0     44   4    1    354  4.7  lcd_putc
0    327  29    9   1367  5.7  MAIN
0     31   3    2             @ITOF
0    119  11   13             @MULFF
0     33   3    5             @FTOSD
0     10   1    0             @const685
0     89   8    5             @PSTRINGCN7_661
0     79   7   13             @DIV3232
0     89   8   12             @PRINTF_L32U_661
 Inline         0             @cinit1

Program metrics:
    Functions               8
    Statements              157
    Comments                243
    Volume (V)              6844
    Difficulty (D)          35.6
    Effort to implement (E) 243658
    Time to implement (T)   3 hours, 46 minutes
    Est Delivered Bugs (B)  1
    Cyclomatic Complexity   20
    Maintainability (MI)    126

 Segment     Used  Free
-----------  ----  ----
00000-00003     4  0  
00004-007FF  1118  926  
00800-00FFF     0  2048  
01000-017FF     0  2048  
01800-01FFF     0  2048  



