
ROM used:   28/4096 (1%)
            28/4096 (1%) including unused fragments

            0.0 Average locations per line
            7.0 Average locations per statement

RAM used:   5/191 (3%) at main() level
            5/191 (3%) worst case

Stack used: 0 worst case (0 in main + 0 for interrupts)
Stack size: 8

Lines Stmts  %   Files
----- ----- ---  -----
   16     4 100  pic16f873a.c
    9     0   0  pic16f873a.h
  634     0   0  ..\..\..\..\..\..\..\..\Program Files (x86)\PICC\Devices\16F873A.h
----- -----
  659     4 Total

Page ROM  %  RAM    Vol Diff  Functions:
---- --- --- ---    --- ----  ----------
0     24  86    0     48  1.4  main
 Inline         0             @cinit1

Program metrics:
    Functions               1
    Statements              4
    Comments                117
    Volume (V)              50
    Difficulty (D)          1.3
    Effort to implement (E) 63
    Time to implement (T)   0 minutes
    Est Delivered Bugs (B)  0
    Cyclomatic Complexity   1
    Maintainability (MI)    85

 Segment     Used  Free
-----------  ----  ----
00000-00003     4  0  
00004-007FF    24  2020  
00800-00FFF     0  2048  



