
ROM used:   215/8192 (3%)
            215/8192 (3%) including unused fragments

            0.3 Average locations per line
            15.4 Average locations per statement

RAM used:   7/368 (2%) at main() level
            16/368 (4%) worst case

Stack used: 1 worst case (1 in main + 0 for interrupts)
Stack size: 8

Lines Stmts  %   Files
----- ----- ---  -----
   31    14 100  main.c
  661     0   0  ..\..\..\..\..\Program Files (x86)\PICC\Devices\16F877A.h
----- -----
  692    14 Total

Page ROM  %  RAM   Vol Diff  Functions:
---- --- --- ---   --- ----  ----------
0    122  57    2   308  2.3  main
0     89  41    9             @PRINTF_LU_2400_62_63
 Inline         0             @cinit1

Program metrics:
    Functions               1
    Statements              14
    Comments                110
    Volume (V)              313
    Difficulty (D)          2.1
    Effort to implement (E) 659
    Time to implement (T)   1 minutes
    Est Delivered Bugs (B)  0
    Cyclomatic Complexity   1
    Maintainability (MI)    72

 Segment     Used  Free
-----------  ----  ----
00000-00003     4  0  
00004-007FF   211  1833  
00800-00FFF     0  2048  
01000-017FF     0  2048  
01800-01FFF     0  2048  



