
ROM used:   198/8192 (2%)
            198/8192 (2%) including unused fragments

            0.3 Average locations per line
            9.4 Average locations per statement

RAM used:   10/368 (3%) at main() level
            11/368 (3%) worst case

Stack used: 1 worst case (1 in main + 0 for interrupts)
Stack size: 8

Lines Stmts  %   Files
----- ----- ---  -----
   40    21 100  Motor_de_passo.c
  685     0   0  ..\..\..\..\..\..\..\..\Program Files (x86)\PICC\Devices\16F877A.h
----- -----
  725    21 Total

Page ROM  %  RAM    Vol Diff  Functions:
---- --- --- ---    --- ----  ----------
0     20  10    1             @delay_ms1
0    174  88    5    461  2.4  main
 Inline         0             @cinit1

Program metrics:
    Functions               1
    Statements              21
    Comments                126
    Volume (V)              466
    Difficulty (D)          2.3
    Effort to implement (E) 1059
    Time to implement (T)   1 minutes
    Est Delivered Bugs (B)  0
    Cyclomatic Complexity   1
    Maintainability (MI)    40

 Segment     Used  Free
-----------  ----  ----
00000-00003     4  0  
00004-007FF   194  1850  
00800-00FFF     0  2048  
01000-017FF     0  2048  
01800-01FFF     0  2048  



