
ROM used:   764/8192 (9%)
            764/8192 (9%) including unused fragments

            0.3 Average locations per line
            1.9 Average locations per statement

RAM used:   42/368 (11%) at main() level
            61/368 (17%) worst case

Stack used: 1 worst case (0 in main + 1 for interrupts)
Stack size: 8

Lines Stmts  %   Files
----- ----- ---  -----
   76    35   9  Fita_LED.c
  685     0   0  ..\..\..\..\..\..\..\..\Program Files (x86)\PICC\Devices\16F877A.h
  180     0   0  ..\..\..\..\..\..\..\..\Program Files (x86)\PICC\Drivers\stdint.h
 1352   359  91  ..\..\..\..\..\..\..\..\Program Files (x86)\PICC\Drivers\stdlib.h
   32     0   0  ..\..\..\..\..\..\..\..\Program Files (x86)\PICC\Drivers\stddef.h
  435     0   0  ..\..\..\..\..\..\..\..\Program Files (x86)\PICC\Drivers\string.h
   28     0   0  ..\..\..\..\..\..\..\..\Program Files (x86)\PICC\Drivers\ctype.h
----- -----
 2788   394 Total

Page ROM  %  RAM    Vol Diff  Functions:
---- --- --- ---    --- ----  ----------
 Inline         9    305  6.5  strpbrk
 Inline         9    365  8.1  strspn
 Inline         5    140  5.0  strlen
0    261  34   10    516  8.6  strtok
 Inline         2             @MUL88
0    254  33    9   1815 10.5  atoi
0     25   3    2    142  3.9  RDA_isr
0     44   6    2    141  3.0  TIMER2_isr
0    122  16    0    708  4.8  MAIN
 Inline         0    725  4.7  @cinit1

Program metrics:
    Functions               9
    Statements              394
    Comments                685
    Volume (V)              7146
    Difficulty (D)          54.5
    Effort to implement (E) 389612
    Time to implement (T)   6 hours, 1 minutes
    Est Delivered Bugs (B)  2
    Cyclomatic Complexity   26
    Maintainability (MI)    115

 Segment     Used  Free
-----------  ----  ----
00000-00003     4  0  
00004-00039    54  0  
0003A-007FF   706  1284  
00800-00FFF     0  2048  
01000-017FF     0  2048  
01800-01FFF     0  2048  



