
ROM used:   110/8192 (1%)
            110/8192 (1%) including unused fragments

            0.2 Average locations per line
            10.0 Average locations per statement

RAM used:   8/368 (2%) at main() level
            9/368 (2%) worst case

Stack used: 0 worst case (0 in main + 0 for interrupts)
Stack size: 8

Lines Stmts  %   Files
----- ----- ---  -----
   29    11 100  Controle_Motor_PWM.c
  685     0   0  ..\..\..\..\..\..\..\..\Program Files (x86)\PICC\Devices\16F877A.h
----- -----
  714    11 Total

Page ROM  %  RAM    Vol Diff  Functions:
---- --- --- ---    --- ----  ----------
0     22  20    1             @delay_ms1
0     84  76    0    250  2.9  main
 Inline         0             @cinit1

Program metrics:
    Functions               1
    Statements              11
    Comments                126
    Volume (V)              255
    Difficulty (D)          2.7
    Effort to implement (E) 677
    Time to implement (T)   1 minutes
    Est Delivered Bugs (B)  0
    Cyclomatic Complexity   1
    Maintainability (MI)    53

 Segment     Used  Free
-----------  ----  ----
00000-00003     4  0  
00004-007FF   106  1938  
00800-00FFF     0  2048  
01000-017FF     0  2048  
01800-01FFF     0  2048  



