
ROM used:   177/8192 (2%)
            177/8192 (2%) including unused fragments

            0.2 Average locations per line
            25.3 Average locations per statement

RAM used:   7/368 (2%) at main() level
            16/368 (4%) worst case

Stack used: 0 worst case (0 in main + 0 for interrupts)
Stack size: 8

Lines Stmts  %   Files
----- ----- ---  -----
   31     7 100  Programa_Pic16f877a.c
  685     0   0  ..\..\..\..\..\..\..\..\Program Files (x86)\PICC\Devices\16F877A.h
----- -----
  716     7 Total

Page ROM  %  RAM    Vol Diff  Functions:
---- --- --- ---    --- ----  ----------
0     22  12    1             @delay_ms1
0     60  34    0    138  2.4  main
0     91  51    9             @PRINTF_LU_115200_62_63
 Inline         0             @cinit1

Program metrics:
    Functions               1
    Statements              7
    Comments                125
    Volume (V)              144
    Difficulty (D)          2.1
    Effort to implement (E) 295
    Time to implement (T)   0 minutes
    Est Delivered Bugs (B)  0
    Cyclomatic Complexity   1
    Maintainability (MI)    63

 Segment     Used  Free
-----------  ----  ----
00000-00003     4  0  
00004-007FF   173  1871  
00800-00FFF     0  2048  
01000-017FF     0  2048  
01800-01FFF     0  2048  



