
ROM used:   573/8192 (7%)
            573/8192 (7%) including unused fragments

            0.2 Average locations per line
            2.0 Average locations per statement

RAM used:   42/368 (11%) at main() level
            60/368 (16%) worst case

Stack used: 3 worst case (3 in main + 0 for interrupts)
Stack size: 8

Lines Stmts  %   Files
----- ----- ---  -----
   90    29  10  Sensor_Postura.c
  685     0   0  ..\..\..\..\..\..\..\..\Program Files (x86)\PICC\Devices\16F877A.h
 2227   258  90  ..\..\..\..\..\..\..\..\Program Files (x86)\PICC\Drivers\math.h
----- -----
 3002   287 Total

Page ROM  %  RAM    Vol Diff  Functions:
---- --- --- ---    --- ----  ----------
0     22   4    1             @delay_ms1
0    309  54    2    831  7.1  MAIN
0     37   6    5             @DIV1616
0     23   4    0             @const805
0     89  16    5             @PSTRINGCN7_9600_62_63
0     89  16    9             @PRINTF_LU_9600_62_63
 Inline         0             @cinit1

Program metrics:
    Functions               1
    Statements              287
    Comments                398
    Volume (V)              846
    Difficulty (D)          6.5
    Effort to implement (E) 5490
    Time to implement (T)   5 minutes
    Est Delivered Bugs (B)  0
    Cyclomatic Complexity   3
    Maintainability (MI)    19

 Segment     Used  Free
-----------  ----  ----
00000-00003     4  0  
00004-007FF   569  1475  
00800-00FFF     0  2048  
01000-017FF     0  2048  
01800-01FFF     0  2048  



